<?xml version="1.0" encoding="UTF-8"?>
<testng-results ignored="0" total="1" passed="1" failed="0" skipped="0">
  <reporter-output>
  </reporter-output>
  <suite started-at="2020-09-10T18:39:06Z" name="Default suite" finished-at="2020-09-10T18:39:18Z" duration-ms="12283">
    <groups>
    </groups>
    <test started-at="2020-09-10T18:39:06Z" name="Default test" finished-at="2020-09-10T18:39:18Z" duration-ms="12283">
      <class name="DotNetTest">
        <test-method is-config="true" signature="before()[pri:0, instance:DotNetTest@5dafbe45]" started-at="2020-09-10T18:39:06Z" name="before" finished-at="2020-09-10T18:39:16Z" duration-ms="10360" status="PASS">
          <reporter-output>
          </reporter-output>
        </test-method> <!-- before -->
        <test-method signature="test()[pri:0, instance:DotNetTest@5dafbe45]" started-at="2020-09-10T18:39:16Z" name="test" finished-at="2020-09-10T18:39:18Z" duration-ms="1898" status="PASS">
          <reporter-output>
          </reporter-output>
        </test-method> <!-- test -->
        <test-method is-config="true" signature="after()[pri:0, instance:DotNetTest@5dafbe45]" started-at="2020-09-10T18:39:18Z" name="after" finished-at="2020-09-10T18:39:18Z" duration-ms="1" status="PASS">
          <reporter-output>
          </reporter-output>
        </test-method> <!-- after -->
      </class> <!-- DotNetTest -->
    </test> <!-- Default test -->
  </suite> <!-- Default suite -->
</testng-results>
